[0.081s] DEBUG:colcon:Command line arguments: ['/usr/bin/colcon', 'build']
[0.081s] DEBUG:colcon:Parsed command line arguments: Namespace(log_base=None, log_level=None, verb_name='build', build_base='build', install_base='install', merge_install=False, symlink_install=False, test_result_base=None, continue_on_error=False, executor='parallel', parallel_workers=32, event_handlers=None, ignore_user_meta=False, metas=['./colcon.meta'], base_paths=['.'], packages_ignore=None, packages_ignore_regex=None, paths=None, packages_up_to=None, packages_up_to_regex=None, packages_above=None, packages_above_and_dependencies=None, packages_above_depth=None, packages_select_by_dep=None, packages_skip_by_dep=None, packages_skip_up_to=None, packages_select_build_failed=False, packages_skip_build_finished=False, packages_select_test_failures=False, packages_skip_test_passed=False, packages_select=None, packages_skip=None, packages_select_regex=None, packages_skip_regex=None, packages_start=None, packages_end=None, allow_overriding=[], cmake_args=None, cmake_target=None, cmake_target_skip_unavailable=False, cmake_clean_cache=False, cmake_clean_first=False, cmake_force_configure=False, ament_cmake_args=None, catkin_cmake_args=None, catkin_skip_building_tests=False, mixin_files=None, mixin=None, verb_parser=<colcon_mixin.mixin.mixin_argument.MixinArgumentDecorator object at 0x7f679e525cc0>, verb_extension=<colcon_core.verb.build.BuildVerb object at 0x7f679e5257b0>, main=<bound method BuildVerb.main of <colcon_core.verb.build.BuildVerb object at 0x7f679e5257b0>>, mixin_verb=('build',))
[0.206s] Level 1:colcon.colcon_core.package_discovery:discover_packages(colcon_meta) check parameters
[0.206s] Level 1:colcon.colcon_core.package_discovery:discover_packages(recursive) check parameters
[0.206s] Level 1:colcon.colcon_core.package_discovery:discover_packages(ignore) check parameters
[0.206s] Level 1:colcon.colcon_core.package_discovery:discover_packages(path) check parameters
[0.207s] Level 1:colcon.colcon_core.package_discovery:discover_packages(colcon_meta) discover
[0.207s] Level 1:colcon.colcon_core.package_discovery:discover_packages(recursive) discover
[0.207s] INFO:colcon.colcon_core.package_discovery:Crawling recursively for packages in '/home/kongdechang/repo/plvs'
[0.207s] Level 1:colcon.colcon_core.package_identification:_identify(.) by extensions ['ignore', 'ignore_ament_install']
[0.207s] Level 1:colcon.colcon_core.package_identification:_identify(.) by extension 'ignore'
[0.207s] Level 1:colcon.colcon_core.package_identification:_identify(.) by extension 'ignore_ament_install'
[0.207s] Level 1:colcon.colcon_core.package_identification:_identify(.) by extensions ['colcon_pkg']
[0.207s] Level 1:colcon.colcon_core.package_identification:_identify(.) by extension 'colcon_pkg'
[0.207s] Level 1:colcon.colcon_core.package_identification:_identify(.) by extensions ['colcon_meta']
[0.207s] Level 1:colcon.colcon_core.package_identification:_identify(.) by extension 'colcon_meta'
[0.207s] Level 1:colcon.colcon_core.package_identification:_identify(.) by extensions ['ros']
[0.207s] Level 1:colcon.colcon_core.package_identification:_identify(.) by extension 'ros'
[0.213s] Level 1:colcon.colcon_core.package_identification:_identify(.) by extensions ['cmake', 'python']
[0.213s] Level 1:colcon.colcon_core.package_identification:_identify(.) by extension 'cmake'
[1.415s] Level 1:colcon.colcon_core.package_identification:_identify(.) by extension 'python'
[1.415s] DEBUG:colcon.colcon_core.package_identification:Package '.' with type 'cmake' and name 'plvs'
[1.415s] Level 1:colcon.colcon_core.package_discovery:discover_packages(recursive) using defaults
[1.415s] Level 1:colcon.colcon_core.package_discovery:discover_packages(ignore) discover
[1.415s] Level 1:colcon.colcon_core.package_discovery:discover_packages(ignore) using defaults
[1.415s] Level 1:colcon.colcon_core.package_discovery:discover_packages(path) discover
[1.415s] Level 1:colcon.colcon_core.package_discovery:discover_packages(path) using defaults
[1.446s] Level 1:colcon.colcon_core.package_discovery:discover_packages(prefix_path) check parameters
[1.446s] Level 1:colcon.colcon_core.package_discovery:discover_packages(prefix_path) discover
[1.448s] DEBUG:colcon.colcon_installed_package_information.package_discovery:Found 421 installed packages in /opt/ros/humble
[1.449s] Level 1:colcon.colcon_core.package_discovery:discover_packages(prefix_path) using defaults
[1.476s] Level 5:colcon.colcon_core.verb:set package 'plvs' build argument 'cmake_args' from command line to 'None'
[1.477s] Level 5:colcon.colcon_core.verb:set package 'plvs' build argument 'cmake_target' from command line to 'None'
[1.477s] Level 5:colcon.colcon_core.verb:set package 'plvs' build argument 'cmake_target_skip_unavailable' from command line to 'False'
[1.477s] Level 5:colcon.colcon_core.verb:set package 'plvs' build argument 'cmake_clean_cache' from command line to 'False'
[1.477s] Level 5:colcon.colcon_core.verb:set package 'plvs' build argument 'cmake_clean_first' from command line to 'False'
[1.477s] Level 5:colcon.colcon_core.verb:set package 'plvs' build argument 'cmake_force_configure' from command line to 'False'
[1.477s] Level 5:colcon.colcon_core.verb:set package 'plvs' build argument 'ament_cmake_args' from command line to 'None'
[1.477s] Level 5:colcon.colcon_core.verb:set package 'plvs' build argument 'catkin_cmake_args' from command line to 'None'
[1.477s] Level 5:colcon.colcon_core.verb:set package 'plvs' build argument 'catkin_skip_building_tests' from command line to 'False'
[1.477s] DEBUG:colcon.colcon_core.verb:Building package 'plvs' with the following arguments: {'ament_cmake_args': None, 'build_base': '/home/kongdechang/repo/plvs/build/plvs', 'catkin_cmake_args': None, 'catkin_skip_building_tests': False, 'cmake_args': None, 'cmake_clean_cache': False, 'cmake_clean_first': False, 'cmake_force_configure': False, 'cmake_target': None, 'cmake_target_skip_unavailable': False, 'install_base': '/home/kongdechang/repo/plvs/install/plvs', 'merge_install': False, 'path': '/home/kongdechang/repo/plvs', 'symlink_install': False, 'test_result_base': None}
[1.477s] INFO:colcon.colcon_core.executor:Executing jobs using 'parallel' executor
[1.477s] DEBUG:colcon.colcon_parallel_executor.executor.parallel:run_until_complete
[1.478s] INFO:colcon.colcon_cmake.task.cmake.build:Building CMake package in '/home/kongdechang/repo/plvs'
[1.480s] INFO:colcon.colcon_core.plugin_system:Skipping extension 'colcon_core.shell.bat': Not used on non-Windows systems
[1.480s] INFO:colcon.colcon_core.shell:Skip shell extension 'powershell' for command environment: Not usable outside of PowerShell
[1.480s] DEBUG:colcon.colcon_core.shell:Skip shell extension 'dsv' for command environment
[1.486s] DEBUG:colcon.colcon_core.event_handler.log_command:Invoking command in '/home/kongdechang/repo/plvs/build/plvs': /usr/bin/cmake /home/kongdechang/repo/plvs -DCMAKE_INSTALL_PREFIX=/home/kongdechang/repo/plvs/install/plvs
[4.350s] DEBUG:colcon.colcon_parallel_executor.executor.parallel:run_until_complete was interrupted
[4.350s] DEBUG:colcon.colcon_parallel_executor.executor.parallel:run_until_complete again
[4.352s] DEBUG:colcon.colcon_core.event_handler.log_command:Invoked command in '/home/kongdechang/repo/plvs/build/plvs' returned '-2': /usr/bin/cmake /home/kongdechang/repo/plvs -DCMAKE_INSTALL_PREFIX=/home/kongdechang/repo/plvs/install/plvs
[4.362s] DEBUG:colcon.colcon_parallel_executor.executor.parallel:run_until_complete finished
[4.362s] DEBUG:colcon.colcon_parallel_executor.executor.parallel:closing loop
[4.362s] DEBUG:colcon.colcon_parallel_executor.executor.parallel:loop closed
[4.362s] DEBUG:colcon.colcon_core.event_reactor:joining thread
[4.377s] INFO:colcon.colcon_core.plugin_system:Skipping extension 'colcon_notification.desktop_notification.notify_send': Could not find 'notify-send'
[4.377s] INFO:colcon.colcon_core.plugin_system:Skipping extension 'colcon_notification.desktop_notification.terminal_notifier': Not used on non-Darwin systems
[4.377s] INFO:colcon.colcon_core.plugin_system:Skipping extension 'colcon_notification.desktop_notification.win32': Not used on non-Windows systems
[4.377s] INFO:colcon.colcon_notification.desktop_notification:Sending desktop notification using 'notify2'
[4.380s] DEBUG:colcon.colcon_notification.desktop_notification.notify2:Failed to initialize notify2: org.freedesktop.DBus.Error.Spawn.ExecFailed: /usr/bin/dbus-launch terminated abnormally without any error message
[4.381s] DEBUG:colcon.colcon_core.event_reactor:joined thread
[4.381s] INFO:colcon.colcon_core.shell:Creating prefix script '/home/kongdechang/repo/plvs/install/local_setup.ps1'
[4.382s] INFO:colcon.colcon_core.shell:Creating prefix util module '/home/kongdechang/repo/plvs/install/_local_setup_util_ps1.py'
[4.384s] INFO:colcon.colcon_core.shell:Creating prefix chain script '/home/kongdechang/repo/plvs/install/setup.ps1'
[4.385s] INFO:colcon.colcon_core.shell:Creating prefix script '/home/kongdechang/repo/plvs/install/local_setup.sh'
[4.385s] INFO:colcon.colcon_core.shell:Creating prefix util module '/home/kongdechang/repo/plvs/install/_local_setup_util_sh.py'
[4.386s] INFO:colcon.colcon_core.shell:Creating prefix chain script '/home/kongdechang/repo/plvs/install/setup.sh'
[4.387s] INFO:colcon.colcon_core.shell:Creating prefix script '/home/kongdechang/repo/plvs/install/local_setup.bash'
[4.388s] INFO:colcon.colcon_core.shell:Creating prefix chain script '/home/kongdechang/repo/plvs/install/setup.bash'
[4.389s] INFO:colcon.colcon_core.shell:Creating prefix script '/home/kongdechang/repo/plvs/install/local_setup.zsh'
[4.390s] INFO:colcon.colcon_core.shell:Creating prefix chain script '/home/kongdechang/repo/plvs/install/setup.zsh'
