[0.008s] Invoking command in '/home/kongdechang/repo/plvs/build/plvs': /usr/bin/cmake /home/kongdechang/repo/plvs -DCMAKE_INSTALL_PREFIX=/home/kongdechang/repo/plvs/install/plvs
[0.022s] [0mCMake Deprecation Warning at CMakeLists.txt:1 (cmake_minimum_required):
[0.022s]   Compatibility with CMake < 2.8.12 will be removed from a future version of
[0.022s]   CMake.
[0.022s] 
[0.022s]   Update the VERSION argument <min> value or use a ...<max> suffix to tell
[0.022s]   CMake that the project does not need compatibility with older versions.
[0.022s] 
[0.022s] [0m
[0.143s] -- The C compiler identification is GNU 11.4.0
[0.241s] -- The CXX compiler identification is GNU 11.4.0
[0.252s] -- Detecting C compiler ABI info
[0.320s] -- Detecting C compiler ABI info - done
[0.326s] -- Check for working C compiler: /usr/bin/cc - skipped
[0.326s] -- Detecting C compile features
[0.327s] -- Detecting C compile features - done
[0.331s] -- Detecting CXX compiler ABI info
[0.422s] -- Detecting CXX compiler ABI info - done
[0.428s] -- Check for working CXX compiler: /usr/bin/c++ - skipped
[0.428s] -- Detecting CXX compile features
[0.428s] -- Detecting CXX compile features - done
[0.429s] -- CMAKE_CXX_FLAGS:  -Wall -O3 -fPIC -DNDEBUG -Wno-unused-parameter -Wno-unused-function -march=native -fopenmp
[0.429s] [0mBuild type: Release[0m
[0.429s] -- WITH_CUDA: OFF
[0.432s] -- Found Eigen3: /usr/include/eigen3 (Required is at least version "3.1.0") 
[0.432s] -- eigen include: /usr/include/eigen3
[0.657s] -- Found Boost: /usr/lib/x86_64-linux-gnu/cmake/Boost-1.74.0/BoostConfig.cmake (found version "1.74.0") found components: thread system serialization 
[0.663s] -- Number of avx2 occurrences in /proc/cpuinfo: 32
[0.663s] -- Number of sse3 occurrences in /proc/cpuinfo: 32
[0.663s] -- Number of sse4 occurrences in /proc/cpuinfo: 64
[0.663s] -- Building fastfusion! ***************
[0.664s] -- Desired OpenCV version: 4
[0.675s] -- Found OpenCV: /usr (found suitable version "4.5.4", minimum required is "4") 
[0.675s] -- found OpenCV version: 4.5.4
[0.675s] -- opencv include: /usr/include/opencv4
[0.676s] -- opencv lib dirs: /usr
[0.676s] -- opencv libs: opencv_calib3d;opencv_core;opencv_dnn;opencv_features2d;opencv_flann;opencv_highgui;opencv_imgcodecs;opencv_imgproc;opencv_ml;opencv_objdetect;opencv_photo;opencv_stitching;opencv_video;opencv_videoio;opencv_alphamat;opencv_aruco;opencv_barcode;opencv_bgsegm;opencv_bioinspired;opencv_ccalib;opencv_datasets;opencv_dnn_objdetect;opencv_dnn_superres;opencv_dpm;opencv_face;opencv_freetype;opencv_fuzzy;opencv_hdf;opencv_hfs;opencv_img_hash;opencv_intensity_transform;opencv_line_descriptor;opencv_mcc;opencv_optflow;opencv_phase_unwrapping;opencv_plot;opencv_quality;opencv_rapid;opencv_reg;opencv_rgbd;opencv_saliency;opencv_shape;opencv_stereo;opencv_structured_light;opencv_superres;opencv_surface_matching;opencv_text;opencv_tracking;opencv_videostab;opencv_viz;opencv_wechat_qrcode;opencv_ximgproc;opencv_xobjdetect;opencv_xphoto
[0.676s] -- set custom pangolin folder: /home/kongdechang/repo/plvs/Thirdparty/Pangolin/build/
[0.677s] -- Found Threads: TRUE  
[0.678s] -- pangolin include: 
[0.678s] -- pangolin libs: pango_core;pango_display;pango_geometry;pango_glgeometry;pango_image;pango_opengl;pango_packetstream;pango_plot;pango_python;pango_scene;pango_tools;pango_vars;pango_video;pango_windowing;tinyobj
[0.688s] [33mCMake Warning at CMakeLists.txt:207 (find_package):
[0.688s]   By not providing "Findrealsense2.cmake" in CMAKE_MODULE_PATH this project
[0.688s]   has asked CMake to find a package configuration file provided by
[0.688s]   "realsense2", but CMake did not find one.
[0.688s] 
[0.688s]   Could not find a package configuration file provided by "realsense2" with
[0.688s]   any of the following names:
[0.688s] 
[0.688s]     realsense2Config.cmake
[0.688s]     realsense2-config.cmake
[0.688s] 
[0.688s]   Add the installation prefix of "realsense2" to CMAKE_PREFIX_PATH or set
[0.688s]   "realsense2_DIR" to a directory containing one of the above files.  If
[0.688s]   "realsense2" provides a separate development package or SDK, be sure it has
[0.689s]   been installed.
[0.689s] 
[0.689s] [0m
[0.698s] -- Checking for module 'eigen3'
[0.711s] --   Found eigen3, version 3.4.0
[0.754s] -- Found Eigen: /usr/include/eigen3 (Required is at least version "3.1") 
[0.754s] -- Eigen found (include: /usr/include/eigen3, version: 3.4.0)
[0.769s] -- Found Boost: /usr/lib/x86_64-linux-gnu/cmake/Boost-1.74.0/BoostConfig.cmake (found suitable version "1.74.0", minimum required is "1.65.0") found components: system filesystem date_time iostreams serialization 
[0.793s] -- Checking for module 'flann'
[0.810s] --   Found flann, version 1.9.1
[0.872s] -- Found FLANN: /usr/lib/x86_64-linux-gnu/libflann_cpp.so  
[0.872s] -- FLANN found (include: /usr/include, lib: /usr/lib/x86_64-linux-gnu/libflann_cpp.so)
[0.892s] -- Found GLEW: /usr/lib/x86_64-linux-gnu/libGLEW.so  
[0.896s] -- Found OpenGL: /usr/lib/x86_64-linux-gnu/libOpenGL.so  found components: OpenGL GLX 
[1.051s] -- Found MPI_C: /usr/lib/x86_64-linux-gnu/libmpi.so (found version "3.1") 
[1.052s] -- Found MPI: TRUE (found version "3.1") found components: C 
[1.054s] -- Found JsonCpp: /usr/lib/x86_64-linux-gnu/libjsoncpp.so (found suitable version "1.9.5", minimum required is "0.7.0") 
[1.064s] -- Found ZLIB: /usr/lib/x86_64-linux-gnu/libz.so (found version "1.2.11") 
[1.075s] -- Found PNG: /usr/lib/x86_64-linux-gnu/libpng.so (found version "1.6.37") 
[1.091s] -- Found Eigen3: /usr/include/eigen3 (found version "3.4.0") 
[1.165s] -- Found X11: /usr/include   
[1.165s] -- Looking for XOpenDisplay in /usr/lib/x86_64-linux-gnu/libX11.so;/usr/lib/x86_64-linux-gnu/libXext.so
[1.267s] -- Looking for XOpenDisplay in /usr/lib/x86_64-linux-gnu/libX11.so;/usr/lib/x86_64-linux-gnu/libXext.so - found
[1.267s] -- Looking for gethostbyname
[1.336s] -- Looking for gethostbyname - found
[1.336s] -- Looking for connect
[1.419s] -- Looking for connect - found
[1.420s] -- Looking for remove
[1.508s] -- Looking for remove - found
[1.508s] -- Looking for shmat
[1.582s] -- Looking for shmat - found
[1.582s] -- Looking for IceConnectionNumber in ICE
[1.665s] -- Looking for IceConnectionNumber in ICE - found
[1.757s] -- Found EXPAT: /usr/lib/x86_64-linux-gnu/libexpat.so (found version "2.4.7") 
[1.760s] -- Found double-conversion: /usr/lib/x86_64-linux-gnu/libdouble-conversion.so  
[1.763s] -- Found LZ4: /usr/lib/x86_64-linux-gnu/liblz4.so (found version "1.9.3") 
[1.766s] -- Found LZMA: /usr/lib/x86_64-linux-gnu/liblzma.so (found version "5.2.5") 
[1.817s] -- Found JPEG: /usr/lib/x86_64-linux-gnu/libjpeg.so (found version "80") 
[1.824s] -- Found TIFF: /usr/lib/x86_64-linux-gnu/libtiff.so (found version "4.3.0")  
[1.830s] -- Found Freetype: /usr/lib/x86_64-linux-gnu/libfreetype.so (found version "2.11.1") 
[1.835s] -- Found utf8cpp: /usr/include/utf8cpp  
[1.904s] -- Checking for module 'libusb-1.0'
[1.922s] --   Found libusb-1.0, version 1.0.25
[1.969s] -- Found libusb: /usr/lib/x86_64-linux-gnu/libusb-1.0.so  
[1.971s] -- Found OpenNI: /usr/lib/libOpenNI.so;libusb::libusb (found version "1.5.4.0") 
[1.971s] -- OpenNI found (version: 1.5.4.0, include: /usr/include/ni, lib: /usr/lib/libOpenNI.so;libusb::libusb)
[2.044s] -- Found OpenNI2: /usr/lib/x86_64-linux-gnu/libOpenNI2.so;libusb::libusb (found version "2.2.0.33") 
[2.044s] -- OpenNI2 found (version: 2.2.0.33, include: /usr/include/openni2, lib: /usr/lib/x86_64-linux-gnu/libOpenNI2.so;libusb::libusb)
[2.044s] [0m** WARNING ** io features related to pcap will be disabled[0m
[2.144s] -- Eigen found (include: /usr/include/eigen3, version: 3.4.0)
[2.148s] -- OpenNI found (version: 1.5.4.0, include: /usr/include/ni, lib: /usr/lib/libOpenNI.so;libusb::libusb)
[2.155s] -- OpenNI2 found (version: 2.2.0.33, include: /usr/include/openni2, lib: /usr/lib/x86_64-linux-gnu/libOpenNI2.so;libusb::libusb)
[2.255s] -- Found Qhull version 8.0.2
[2.356s] -- OpenNI found (version: 1.5.4.0, include: /usr/include/ni, lib: /usr/lib/libOpenNI.so;libusb::libusb)
[2.453s] -- looking for PCL_COMMON
[2.453s] -- Found PCL_COMMON: /usr/lib/x86_64-linux-gnu/libpcl_common.so  
[2.453s] -- looking for PCL_KDTREE
[2.454s] -- Found PCL_KDTREE: /usr/lib/x86_64-linux-gnu/libpcl_kdtree.so  
[2.454s] -- looking for PCL_OCTREE
[2.454s] -- Found PCL_OCTREE: /usr/lib/x86_64-linux-gnu/libpcl_octree.so  
[2.454s] -- looking for PCL_SEARCH
[2.455s] -- Found PCL_SEARCH: /usr/lib/x86_64-linux-gnu/libpcl_search.so  
[2.455s] -- looking for PCL_SAMPLE_CONSENSUS
[2.455s] -- Found PCL_SAMPLE_CONSENSUS: /usr/lib/x86_64-linux-gnu/libpcl_sample_consensus.so  
[2.455s] -- looking for PCL_FILTERS
[2.455s] -- Found PCL_FILTERS: /usr/lib/x86_64-linux-gnu/libpcl_filters.so  
[2.455s] -- looking for PCL_2D
[2.456s] -- Found PCL_2D: /usr/include/pcl-1.12  
[2.456s] -- looking for PCL_GEOMETRY
[2.456s] -- Found PCL_GEOMETRY: /usr/include/pcl-1.12  
[2.456s] -- looking for PCL_IO
[2.456s] -- Found PCL_IO: /usr/lib/x86_64-linux-gnu/libpcl_io.so  
[2.456s] -- looking for PCL_FEATURES
[2.457s] -- Found PCL_FEATURES: /usr/lib/x86_64-linux-gnu/libpcl_features.so  
[2.457s] -- looking for PCL_ML
[2.457s] -- Found PCL_ML: /usr/lib/x86_64-linux-gnu/libpcl_ml.so  
[2.457s] -- looking for PCL_SEGMENTATION
[2.458s] -- Found PCL_SEGMENTATION: /usr/lib/x86_64-linux-gnu/libpcl_segmentation.so  
[2.458s] -- looking for PCL_VISUALIZATION
[2.458s] -- Found PCL_VISUALIZATION: /usr/lib/x86_64-linux-gnu/libpcl_visualization.so  
[2.458s] -- looking for PCL_SURFACE
[2.459s] -- Found PCL_SURFACE: /usr/lib/x86_64-linux-gnu/libpcl_surface.so  
[2.459s] -- looking for PCL_REGISTRATION
[2.459s] -- Found PCL_REGISTRATION: /usr/lib/x86_64-linux-gnu/libpcl_registration.so  
[2.459s] -- looking for PCL_KEYPOINTS
[2.460s] -- Found PCL_KEYPOINTS: /usr/lib/x86_64-linux-gnu/libpcl_keypoints.so  
[2.460s] -- looking for PCL_TRACKING
[2.460s] -- Found PCL_TRACKING: /usr/lib/x86_64-linux-gnu/libpcl_tracking.so  
[2.460s] -- looking for PCL_RECOGNITION
[2.461s] -- Found PCL_RECOGNITION: /usr/lib/x86_64-linux-gnu/libpcl_recognition.so  
[2.461s] -- looking for PCL_STEREO
[2.461s] -- Found PCL_STEREO: /usr/lib/x86_64-linux-gnu/libpcl_stereo.so  
[2.461s] -- looking for PCL_APPS
[2.462s] -- Found PCL_APPS: /usr/lib/x86_64-linux-gnu/libpcl_apps.so  
[2.462s] -- looking for PCL_IN_HAND_SCANNER
[2.462s] -- Found PCL_IN_HAND_SCANNER: /usr/include/pcl-1.12  
[2.463s] -- looking for PCL_MODELER
[2.463s] -- Found PCL_MODELER: /usr/include/pcl-1.12  
[2.463s] -- looking for PCL_POINT_CLOUD_EDITOR
[2.472s] -- Found PCL_POINT_CLOUD_EDITOR: /usr/include/pcl-1.12  
[2.472s] -- looking for PCL_OUTOFCORE
[2.472s] -- Found PCL_OUTOFCORE: /usr/lib/x86_64-linux-gnu/libpcl_outofcore.so  
[2.472s] -- looking for PCL_PEOPLE
[2.473s] -- Found PCL_PEOPLE: /usr/lib/x86_64-linux-gnu/libpcl_people.so  
[2.473s] -- Found PCL: pcl_common;pcl_kdtree;pcl_octree;pcl_search;pcl_sample_consensus;pcl_filters;pcl_io;pcl_features;pcl_ml;pcl_segmentation;pcl_visualization;pcl_surface;pcl_registration;pcl_keypoints;pcl_tracking;pcl_recognition;pcl_stereo;pcl_apps;pcl_outofcore;pcl_people;Boost::system;Boost::filesystem;Boost::date_time;Boost::iostreams;Boost::serialization;/usr/lib/libOpenNI.so;libusb::libusb;/usr/lib/x86_64-linux-gnu/libOpenNI2.so;libusb::libusb;VTK::ChartsCore;VTK::CommonColor;VTK::CommonComputationalGeometry;VTK::CommonCore;VTK::CommonDataModel;VTK::CommonExecutionModel;VTK::CommonMath;VTK::CommonMisc;VTK::CommonTransforms;VTK::FiltersCore;VTK::FiltersExtraction;VTK::FiltersGeneral;VTK::FiltersGeometry;VTK::FiltersModeling;VTK::FiltersSources;VTK::ImagingCore;VTK::ImagingSources;VTK::InteractionImage;VTK::InteractionStyle;VTK::InteractionWidgets;VTK::IOCore;VTK::IOGeometry;VTK::IOImage;VTK::IOLegacy;VTK::IOPLY;VTK::RenderingAnnotation;VTK::RenderingCore;VTK::RenderingContext2D;VTK::RenderingLOD;VTK::RenderingFreeType;VTK::ViewsCore;VTK::ViewsContext2D;VTK::RenderingOpenGL2;VTK::GUISupportQt;FLANN::FLANN;QHULL::QHULL (Required is at least version "1.7") 
[2.473s] -- pcl include: /usr/include/pcl-1.12;/usr/include/eigen3;/usr/include;/usr/include/ni;/usr/include/openni2
[2.473s] -- pcl libs: /usr/lib/x86_64-linux-gnu
[2.473s] -- pcl definitions: -DDISABLE_PCAP
[2.474s] -- Found Glog: /usr/lib/x86_64-linux-gnu/libglog.so  
[2.475s] -- octomap include: /opt/ros/humble/include
[2.476s] -- octomap lib dirs: /opt/ros/humble/lib/x86_64-linux-gnu
[2.476s] -- octomap libs: /opt/ros/humble/lib/x86_64-linux-gnu/liboctomap.so;/opt/ros/humble/lib/x86_64-linux-gnu/liboctomath.so
[2.490s] -- Found Protobuf: /usr/lib/x86_64-linux-gnu/libprotobuf.so (found version "3.12.4") 
[2.490s] -- protobuf libs: /usr/lib/x86_64-linux-gnu/libprotobuf.so
[2.505s] -- Found LibCrypto: /usr/lib/x86_64-linux-gnu/libcrypto.a  
[2.505s] -- LibCrypto Include Dir: /usr/include
[2.505s] -- LibCrypto Shared Lib:  /usr/lib/x86_64-linux-gnu/libcrypto.so
[2.505s] -- LibCrypto Static Lib:  /usr/lib/x86_64-linux-gnu/libcrypto.a
[2.512s] -- Found PkgConfig: /usr/bin/pkg-config (found version "0.29.2") 
[2.513s] -- Checking for module 'glfw3'
[2.532s] --   Found glfw3, version 3.3.6
[2.582s] [0mCUDA_TOOLKIT_ROOT_DIR not found or specified[0m
[2.591s] -- Could NOT find CUDA (missing: CUDA_TOOLKIT_ROOT_DIR CUDA_NVCC_EXECUTABLE CUDA_INCLUDE_DIRS CUDA_CUDART_LIBRARY) 
[2.592s] -- building with libelas CPU ***************
[2.594s] [0mCUDA_TOOLKIT_ROOT_DIR not found or specified[0m
[2.600s] -- Could NOT find CUDA (missing: CUDA_TOOLKIT_ROOT_DIR CUDA_NVCC_EXECUTABLE CUDA_INCLUDE_DIRS CUDA_CUDART_LIBRARY) 
[2.601s] -- stereo libsgm disabled! ***************
[2.601s] -- g2o include: /home/kongdechang/repo/plvs/Thirdparty/g2o/
[2.601s] -- g2o lib dirs: 
[2.601s] -- g2o libs: /home/kongdechang/repo/plvs/Thirdparty/g2o/lib/libg2o.so
[2.602s] -- Boost_LIBRARIES: Boost::system;Boost::filesystem;Boost::date_time;Boost::iostreams;Boost::serialization
[2.602s] -- EXTERNAL_CORE_LIBS: opencv_calib3d;opencv_core;opencv_dnn;opencv_features2d;opencv_flann;opencv_highgui;opencv_imgcodecs;opencv_imgproc;opencv_ml;opencv_objdetect;opencv_photo;opencv_stitching;opencv_video;opencv_videoio;opencv_alphamat;opencv_aruco;opencv_barcode;opencv_bgsegm;opencv_bioinspired;opencv_ccalib;opencv_datasets;opencv_dnn_objdetect;opencv_dnn_superres;opencv_dpm;opencv_face;opencv_freetype;opencv_fuzzy;opencv_hdf;opencv_hfs;opencv_img_hash;opencv_intensity_transform;opencv_line_descriptor;opencv_mcc;opencv_optflow;opencv_phase_unwrapping;opencv_plot;opencv_quality;opencv_rapid;opencv_reg;opencv_rgbd;opencv_saliency;opencv_shape;opencv_stereo;opencv_structured_light;opencv_superres;opencv_surface_matching;opencv_text;opencv_tracking;opencv_videostab;opencv_viz;opencv_wechat_qrcode;opencv_ximgproc;opencv_xobjdetect;opencv_xphoto;Boost::system;Boost::filesystem;Boost::date_time;Boost::iostreams;Boost::serialization;boost_serialization;boost_thread;pango_core;pango_display;pango_geometry;pango_glgeometry;pango_image;pango_opengl;pango_packetstream;pango_plot;pango_python;pango_scene;pango_tools;pango_vars;pango_video;pango_windowing;tinyobj;/home/kongdechang/repo/plvs/Thirdparty/g2o/lib/libg2o.so;pcl_common;pcl_kdtree;pcl_octree;pcl_search;pcl_sample_consensus;pcl_filters;pcl_io;pcl_features;pcl_ml;pcl_segmentation;pcl_visualization;pcl_surface;pcl_registration;pcl_keypoints;pcl_tracking;pcl_recognition;pcl_stereo;pcl_apps;pcl_outofcore;pcl_people;Boost::system;Boost::filesystem;Boost::date_time;Boost::iostreams;Boost::serialization;/usr/lib/libOpenNI.so;libusb::libusb;/usr/lib/x86_64-linux-gnu/libOpenNI2.so;libusb::libusb;VTK::ChartsCore;VTK::CommonColor;VTK::CommonComputationalGeometry;VTK::CommonCore;VTK::CommonDataModel;VTK::CommonExecutionModel;VTK::CommonMath;VTK::CommonMisc;VTK::CommonTransforms;VTK::FiltersCore;VTK::FiltersExtraction;VTK::FiltersGeneral;VTK::FiltersGeometry;VTK::FiltersModeling;VTK::FiltersSources;VTK::ImagingCore;VTK::ImagingSources;VTK::InteractionImage;VTK::InteractionStyle;VTK::InteractionWidgets;VTK::IOCore;VTK::IOGeometry;VTK::IOImage;VTK::IOLegacy;VTK::IOPLY;VTK::RenderingAnnotation;VTK::RenderingCore;VTK::RenderingContext2D;VTK::RenderingLOD;VTK::RenderingFreeType;VTK::ViewsCore;VTK::ViewsContext2D;VTK::RenderingOpenGL2;VTK::GUISupportQt;FLANN::FLANN;QHULL::QHULL;/usr/lib/x86_64-linux-gnu/libglog.so;/opt/ros/humble/lib/x86_64-linux-gnu/liboctomap.so;/opt/ros/humble/lib/x86_64-linux-gnu/liboctomath.so;/usr/lib/x86_64-linux-gnu/libprotobuf.so;/usr/lib/x86_64-linux-gnu/libcrypto.a;glfw
[2.608s] -- CMAKE_CXX_FLAGS:  -Wall -O3 -fPIC -DNDEBUG -Wno-unused-parameter -Wno-unused-function -march=native -fopenmp -DSHADERS_DIR=/home/kongdechang/repo/plvs/Shaders -DUSE_FASTFUSION -DUSE_LIBELAS
[2.608s] -- CUDA_NVCC_FLAGS: 
[2.608s] -- Configuring done
[2.874s] Invoked command in '/home/kongdechang/repo/plvs/build/plvs' returned '-2': /usr/bin/cmake /home/kongdechang/repo/plvs -DCMAKE_INSTALL_PREFIX=/home/kongdechang/repo/plvs/install/plvs
